Drill report for solarScavenger.kicad_pcb
Created on Thu Mar 23 23:12:12 2023

Copper Layer Stackup:
    =============================================================
    L1 :  F.Cu                      front
    L2 :  B.Cu                      back


Drill file 'solarScavenger.drl' contains
    plated through holes:
    =============================================================
    T1  0.400mm  0.0157"  (57 holes)
    T2  0.800mm  0.0315"  (6 holes)
    T3  1.000mm  0.0394"  (57 holes)
    T4  1.100mm  0.0433"  (3 holes)
    T5  2.700mm  0.1063"  (4 holes)
    T6  3.200mm  0.1260"  (4 holes)

    Total plated holes count 131


Not plated through holes are merged with plated holes
    unplated through holes:
    =============================================================
    T7  1.000mm  0.0394"  (2 holes)

    Total unplated holes count 2
